1694232316863	geckodriver	INFO	Listening on 127.0.0.1:55800
1694232319955	mozrunner::runner	INFO	Running command: "C:\\Program Files\\Mozilla Firefox\\firefox.exe" "--marionette" "--remote-debugging-port" "55801" "--remote-allow-hosts" "localhost" "-no-remote" "-profile" "C:\\Users\\markllar\\AppData\\Local\\Temp\\rust_mozprofilef2eDmH"
console.warn: services.settings: Ignoring preference override of remote settings server
console.warn: services.settings: Allow by setting MOZ_REMOTE_SETTINGS_DEVTOOLS=1 in the environment
1694232320795	Marionette	INFO	Marionette enabled
Dynamically enable window occlusion 0
1694232320885	Marionette	INFO	Listening on port 55811
WebDriver BiDi listening on ws://127.0.0.1:55801
Read port: 55811
1694232321129	RemoteAgent	WARN	TLS certificate errors will be ignored for this session
JavaScript error: resource://gre/modules/TelemetryUtils.sys.mjs, line 143: TypeError: date is undefined
DevTools listening on ws://127.0.0.1:55801/devtools/browser/604c0288-64c7-4dd1-8c94-677c3fb67ded
console.warn: LoginRecipes: "Falling back to a synchronous message for: https://austin-ehs-prod.auth.us-east-1.amazoncognito.com."
console.warn: LoginRecipes: "Falling back to a synchronous message for: https://austin-ehs-prod.auth.us-east-1.amazoncognito.com."
console.warn: LoginRecipes: "Falling back to a synchronous message for: https://midway-auth.amazon.com."
console.warn: LoginRecipes: "Falling back to a synchronous message for: https://midway-auth.amazon.com."
console.warn: LoginRecipes: "Falling back to a synchronous message for: https://midway-auth.amazon.com."
console.warn: LoginRecipes: "Falling back to a synchronous message for: https://midway-auth.amazon.com."
console.warn: LoginRecipes: "Falling back to a synchronous message for: https://midway-auth.amazon.com."
console.warn: LoginRecipes: "Falling back to a synchronous message for: https://midway-auth.amazon.com."
console.warn: LoginRecipes: "Falling back to a synchronous message for: https://midway-auth.amazon.com."
console.warn: LoginRecipes: "Falling back to a synchronous message for: https://midway-auth.amazon.com."
console.warn: LoginRecipes: "Falling back to a synchronous message for: https://midway-auth.amazon.com."
console.warn: LoginRecipes: "Falling back to a synchronous message for: https://midway-auth.amazon.com."
JavaScript warning: https://midway-auth.amazon.com/assets/application-1bd4f81f7b749658cdbf9c672c84c0a43e1bacc00e72ad7f9421edb2d656037d.js, line 5: WEBGL_debug_renderer_info is deprecated in Firefox and will be removed. Please use RENDERER.
console.error: ({})
console.warn: LoginRecipes: "Falling back to a synchronous message for: https://midway-auth.amazon.com."
console.warn: LoginRecipes: "Falling back to a synchronous message for: https://midway-auth.amazon.com."
console.warn: LoginRecipes: "Falling back to a synchronous message for: https://midway-auth.amazon.com."
1694232345296	Marionette	WARN	TimedPromise timed out after 500 ms: stacktrace:
TimedPromise/<@chrome://remote/content/marionette/sync.sys.mjs:221:24
TimedPromise@chrome://remote/content/marionette/sync.sys.mjs:205:10
interaction.flushEventLoop@chrome://remote/content/marionette/interaction.sys.mjs:431:10
webdriverClickElement@chrome://remote/content/marionette/interaction.sys.mjs:180:31
console.warn: LoginRecipes: "Falling back to a synchronous message for: https://fcmenu-iad-regionalized.corp.amazon.com."
Port.onMessage event fired while context is inactive.
Port.onMessage event fired while context is inactive.
1694232355062	Marionette	WARN	Ignoring event 'DOMContentLoaded' because document has an invalid readyState of 'complete'.
Port.onMessage event fired while context is inactive.
console.warn: LoginRecipes: "Falling back to a synchronous message for: https://fcmenu-iad-regionalized.corp.amazon.com."
Port.onMessage event fired while context is inactive.
1694232379294	Marionette	INFO	Stopped listening on port 55811
Dynamically enable window occlusion 1
